TN:
SF:/Users/leonardoespinosa/Documentos/platzi/platziverse/platziverse-db/index.js
FN:9,(anonymous_0)
FNF:1
FNH:1
FNDA:4,(anonymous_0)
DA:3,4
DA:4,4
DA:5,4
DA:6,4
DA:7,4
DA:9,4
DA:10,4
DA:22,4
DA:23,4
DA:24,4
DA:27,4
DA:28,4
DA:31,4
DA:33,4
DA:35,0
DA:38,4
DA:39,4
DA:41,4
LF:18
LH:17
BRDA:33,0,0,0
BRDA:33,0,1,4
BRF:2
BRH:1
end_of_record
TN:
SF:/Users/leonardoespinosa/Documentos/platzi/platziverse/platziverse-db/lib/agent.js
FN:3,setupAgent
FN:4,createOrUpdate
FN:21,findById
FNF:3
FNH:3
FNDA:4,setupAgent
FNDA:1,createOrUpdate
FNDA:1,findById
DA:3,1
DA:5,1
DA:11,1
DA:12,1
DA:13,1
DA:14,1
DA:17,0
DA:18,0
DA:22,1
DA:25,4
LF:10
LH:8
BRDA:12,0,0,1
BRDA:12,0,1,0
BRDA:14,1,0,1
BRDA:14,1,1,0
BRF:4
BRH:2
end_of_record
TN:
SF:/Users/leonardoespinosa/Documentos/platzi/platziverse/platziverse-db/lib/db.js
FN:6,setupDatabase
FNF:1
FNH:1
FNDA:4,setupDatabase
DA:3,1
DA:4,1
DA:6,1
DA:7,4
DA:8,1
DA:10,4
LF:6
LH:6
BRDA:7,0,0,1
BRDA:7,0,1,3
BRF:2
BRH:2
end_of_record
TN:
SF:/Users/leonardoespinosa/Documentos/platzi/platziverse/platziverse-db/models/agent.js
FN:6,setupAgentModel
FNF:1
FNH:0
FNDA:0,setupAgentModel
DA:3,1
DA:4,1
DA:6,1
DA:7,0
DA:9,0
LF:5
LH:3
BRF:0
BRH:0
end_of_record
TN:
SF:/Users/leonardoespinosa/Documentos/platzi/platziverse/platziverse-db/models/metric.js
FN:6,setupMetricModel
FNF:1
FNH:0
FNDA:0,setupMetricModel
DA:3,1
DA:4,1
DA:6,1
DA:7,0
DA:9,0
LF:5
LH:3
BRF:0
BRH:0
end_of_record
TN:
SF:/Users/leonardoespinosa/Documentos/platzi/platziverse/platziverse-db/tests/fixtures/agent.js
FN:22,extend
FN:30,(anonymous_1)
FN:31,(anonymous_2)
FN:32,(anonymous_3)
FN:32,(anonymous_4)
FN:33,(anonymous_5)
FN:33,(anonymous_6)
FNF:7
FNH:7
FNDA:3,extend
FNDA:4,(anonymous_1)
FNDA:4,(anonymous_2)
FNDA:4,(anonymous_3)
FNDA:16,(anonymous_4)
FNDA:5,(anonymous_5)
FNDA:20,(anonymous_6)
DA:3,1
DA:15,1
DA:23,3
DA:24,3
DA:27,1
DA:30,4
DA:31,4
DA:32,16
DA:33,20
LF:9
LH:9
BRF:0
BRH:0
end_of_record
